2018-01-04 15:59:57,220 ERROR excel:password' 
2018-01-04 06:01:25,252 ERROR error ' 
2018-01-04 06:02:55,482 ERROR error ' 
2018-01-04 06:14:52,102 ERROR error ' 
2018-01-04 06:32:14,198 ERROR error ' 
2018-01-04 06:33:56,100 ERROR error ' 
2018-01-04 06:33:56,103 ERROR æˆªå›¾å¤±è´¥ï¼šerror' 
2018-01-04 06:36:46,581 ERROR æœªèƒ½æ­£ç¡®æ‰“å¼€é¡µé¢:https://tomorning.me:20001/login' 
2018-01-04 06:36:46,584 ERROR æ‰¾ä¸åˆ°å…ƒç´ :('xpath', '//*[@id="root"]/div/div[4]/div/div/div[1]/div/input')' 
2018-01-04 06:36:46,586 ERROR error ' 
2018-01-04 06:40:06,097 ERROR æœªèƒ½æ­£ç¡®æ‰“å¼€é¡µé¢:https://tomorning.me:20001/login' 
2018-01-04 06:40:06,155 ERROR æ‰¾ä¸åˆ°å…ƒç´ :('xpath', '//*[@id="root"]/div/div[4]/div/div/div[1]/div/input')' 
2018-01-04 06:40:06,157 ERROR error ' 
2018-01-05 10:14:59,754 ERROR Î´ÄÜÕýÈ·´ò¿ªÒ³Ãæ:https://tomorning.me:20001/login' 
2018-01-05 10:14:59,767 ERROR ÕÒ²»µ½ÔªËØ:('xpath', '//*[@id="root"]/div/div[4]/div/div/div[1]/div/input')' 
2018-01-05 10:14:59,768 ERROR error ' 
2018-01-05 10:19:06,172 ERROR Î´ÄÜÕýÈ·´ò¿ªÒ³Ãæ:https://tomorning.me:20001/login' 
2018-01-05 10:19:06,173 ERROR ÕÒ²»µ½ÔªËØ:('xpath', '//*[@id="root"]/div/div[4]/div/div/div[1]/div/input')' 
2018-01-05 10:19:06,176 ERROR error ' 
2018-01-05 10:19:34,614 ERROR Î´ÄÜÕýÈ·´ò¿ªÒ³Ãæ:https://tomorning.me:20001/login' 
2018-01-05 10:19:34,615 ERROR ÕÒ²»µ½ÔªËØ:('xpath', '//*[@id="root"]/div/div[4]/div/div/div[1]/div/input')' 
2018-01-05 10:19:34,616 ERROR error ' 
2018-01-05 10:22:15,815 ERROR Î´ÄÜÕýÈ·´ò¿ªÒ³Ãæ:https://tomorning.me:20001/login' 
2018-01-05 10:22:15,816 ERROR ÕÒ²»µ½ÔªËØ:('xpath', '//*[@id="root"]/div/div[4]/div/div/div[1]/div/input')' 
2018-01-05 10:22:15,817 ERROR error ' 
2018-01-05 10:23:08,835 ERROR Î´ÄÜÕýÈ·´ò¿ªÒ³Ãæ:https://tomorning.me:20001/login' 
2018-01-05 10:23:08,836 ERROR ÕÒ²»µ½ÔªËØ:('xpath', '//*[@id="root"]/div/div[4]/div/div/div[1]/div/input')' 
2018-01-05 10:23:08,837 ERROR error ' 
2018-01-05 10:30:05,861 ERROR Î´ÄÜÕýÈ·´ò¿ªÒ³Ãæ:https://tomorning.me:20001/login' 
2018-01-05 10:30:05,861 ERROR ÕÒ²»µ½ÔªËØ:('xpath', '//*[@id="root"]/div/div[4]/div/div/div[1]/div/input')' 
2018-01-05 10:30:05,862 ERROR error ' 
2018-01-05 10:30:28,784 ERROR Î´ÄÜÕýÈ·´ò¿ªÒ³Ãæ:https://tomorning.me:20001/login' 
2018-01-05 10:30:28,785 ERROR ÕÒ²»µ½ÔªËØ:('xpath', '//*[@id="root"]/div/div[4]/div/div/div[1]/div/input')' 
2018-01-05 10:30:28,786 ERROR error ' 
2018-01-05 10:36:28,962 ERROR Î´ÄÜÕýÈ·´ò¿ªÒ³Ãæ:https://tomorning.me:20001/login' 
2018-01-05 10:36:28,965 ERROR ÕÒ²»µ½ÔªËØ:('css selector', '#root > div > div.container._3Ro2jv3Q > div > div > div:nth-child(1) > div > input')' 
2018-01-05 10:36:28,966 ERROR error ' 
2018-01-05 10:38:04,119 ERROR Î´ÄÜÕýÈ·´ò¿ªÒ³Ãæ:https://tomorning.me:20001/login' 
2018-01-05 10:38:04,188 ERROR error ' 
2018-01-05 10:40:29,153 ERROR Î´ÄÜÕýÈ·´ò¿ªÒ³Ãæ:https://tomorning.me:20001/login' 
2018-01-05 10:40:29,194 ERROR error_log ' 
2018-01-05 11:15:32,378 ERROR Î´ÄÜÕýÈ·´ò¿ªÒ³Ãæ:https://tomorning.me:20001/login' 
2018-01-05 11:15:32,418 ERROR error_log ' 
2018-01-05 11:25:38,936 ERROR Î´ÄÜÕýÈ·´ò¿ªÒ³Ãæ:https://tomorning.me:20001/login' 
2018-01-05 11:25:38,970 ERROR error_log ' 
2018-01-05 11:28:00,144 ERROR error_log ' 
2018-01-05 11:29:02,067 ERROR error_log ' 
2018-01-05 11:30:07,097 ERROR error_log ' 
2018-01-05 11:34:03,525 ERROR error_log ' 
2018-01-05 11:34:27,500 ERROR error_log ' 
2018-01-05 12:41:33,960 ERROR error_log ' 
2018-01-05 13:43:18,455 ERROR error_log ' 
2018-01-05 14:06:57,091 ERROR error_log ' 
2018-01-05 14:09:35,196 ERROR error_log ' 
2018-01-05 15:18:15,709 ERROR error_log ' 
2018-01-05 16:21:59,764 ERROR error_log ' 
2018-01-05 16:23:45,750 ERROR error_log ' 
2018-01-05 16:29:59,504 ERROR error_log ' 
2018-01-05 16:33:43,398 ERROR error_log ' 
2018-01-05 16:34:50,506 ERROR ÕÒ²»µ½ÔªËØ:('xpath', '//*[@id="root"]/div/div[4]/div/div/div[3]/span')' 
2018-01-05 16:34:50,507 ERROR error_log ' 
2018-01-05 16:37:06,895 ERROR ÕÒ²»µ½ÔªËØ:('css selector', '#root > div > div.container._3Ro2jv3Q > div > div > div:nth-child(3) > span')' 
2018-01-05 16:37:06,896 ERROR error_log ' 
2018-01-05 16:50:30,808 ERROR ÕÒ²»µ½ÔªËØ:('css selector', '#root > div > div.container._3Ro2jv3Q > div > div > div:nth-child(3) > span')' 
2018-01-05 16:50:30,810 ERROR error_log ' 
2018-01-05 16:53:46,414 ERROR ÕÒ²»µ½ÔªËØ:('xpath', '//*[@id="root"]/div/div[4]/div/div/div[3]/span')' 
2018-01-05 16:53:46,414 ERROR error_log ' 
2018-01-05 17:08:05,943 ERROR ÕÒ²»µ½ÔªËØ:('xpath', '//*[@id="root"]/div/div[4]/div/div/div[9]/div/input')' 
2018-01-05 17:08:05,948 ERROR error_log ' 
2018-01-05 17:10:59,608 ERROR error_log ' 
2018-01-05 17:11:56,427 ERROR ÕÒ²»µ½ÔªËØ:('xpath', '//*[@id="root"]/div/div[4]/div/div/div[3]')' 
2018-01-05 17:11:56,427 ERROR error_log ' 
2018-01-05 17:24:56,162 ERROR error_log ' 
2018-01-05 17:32:18,810 ERROR ÕÒ²»µ½ÔªËØ:('xpath', '//*[@id="root"]/div/div[4]/div/div/div[3]/span')' 
2018-01-05 17:32:18,811 ERROR error_log ' 
2018-01-05 17:35:22,201 ERROR ÕÒ²»µ½ÔªËØ:('xpath', '//*[@id="root"]/div/div[4]/div/div/div[3]/span')' 
2018-01-05 17:35:22,204 ERROR error_log ' 
